============================= test session starts ==============================
platform darwin -- Python 3.13.5, pytest-8.3.4, pluggy-1.5.0
rootdir: /Users/rei/BookOutLoud/booq
plugins: anyio-4.7.0
collected 11 items

tests/test_audio_engine.py ....                                          [ 36%]
tests/test_pdf_utils.py .s.s                                             [ 72%]
tests/test_pipeline_integration.py ...                                   [100%]

=============================== warnings summary ===============================
<frozen importlib._bootstrap>:488
<frozen importlib._bootstrap>:488
  <frozen importlib._bootstrap>:488: DeprecationWarning: builtin type SwigPyPacked has no __module__ attribute

<frozen importlib._bootstrap>:488
<frozen importlib._bootstrap>:488
  <frozen importlib._bootstrap>:488: DeprecationWarning: builtin type SwigPyObject has no __module__ attribute

<frozen importlib._bootstrap>:488
  <frozen importlib._bootstrap>:488: DeprecationWarning: builtin type swigvarlink has no __module__ attribute

-- Docs: https://docs.pytest.org/en/stable/how-to/capture-warnings.html
============= 9 passed, 2 skipped, 5 warnings in 94.10s (0:01:34) ==============
